<?xml version="1.0" encoding="UTF-8"?>
<testsuite name="catalog.tests.test_views.LoanedBookInstancesByUserListViewTest-20200817184708" tests="5" file="catalog/tests/test_views.py" time="1.563" timestamp="2020-08-17T18:47:12" failures="0" errors="0" skipped="0">
	<testcase classname="catalog.tests.test_views.LoanedBookInstancesByUserListViewTest" name="test_logged_in_uses_correct_template" time="0.321" timestamp="2020-08-17T18:47:11" file="catalog/tests/test_views.py" line="88"/>
	<testcase classname="catalog.tests.test_views.LoanedBookInstancesByUserListViewTest" name="test_only_borrowed_books_in_list" time="0.340" timestamp="2020-08-17T18:47:11" file="catalog/tests/test_views.py" line="100"/>
	<testcase classname="catalog.tests.test_views.LoanedBookInstancesByUserListViewTest" name="test_pages_ordered_by_due_date" time="0.349" timestamp="2020-08-17T18:47:11" file="catalog/tests/test_views.py" line="153"/>
	<testcase classname="catalog.tests.test_views.LoanedBookInstancesByUserListViewTest" name="test_pages_paginated_to_ten" time="0.338" timestamp="2020-08-17T18:47:12" file="catalog/tests/test_views.py" line="134"/>
	<testcase classname="catalog.tests.test_views.LoanedBookInstancesByUserListViewTest" name="test_redirect_if_not_logged_in" time="0.216" timestamp="2020-08-17T18:47:12" file="catalog/tests/test_views.py" line="84"/>
</testsuite>
