<?xml version="1.0" encoding="UTF-8"?>
<testsuite name="catalog.tests.test_views.AuthorCreateViewTest-20200817190002" tests="6" file="catalog/tests/test_views.py" time="1.832" timestamp="2020-08-17T19:00:04" failures="0" errors="0" skipped="0">
	<testcase classname="catalog.tests.test_views.AuthorCreateViewTest" name="test_forbidden_if_logged_in_but_not_correct_permission" time="0.341" timestamp="2020-08-17T19:00:03" file="catalog/tests/test_views.py" line="313"/>
	<testcase classname="catalog.tests.test_views.AuthorCreateViewTest" name="test_form_date_of_death_initially_set_to_expected_date" time="0.330" timestamp="2020-08-17T19:00:03" file="catalog/tests/test_views.py" line="329"/>
	<testcase classname="catalog.tests.test_views.AuthorCreateViewTest" name="test_logged_in_with_permission" time="0.315" timestamp="2020-08-17T19:00:03" file="catalog/tests/test_views.py" line="318"/>
	<testcase classname="catalog.tests.test_views.AuthorCreateViewTest" name="test_redirect_if_not_logged_in" time="0.213" timestamp="2020-08-17T19:00:04" file="catalog/tests/test_views.py" line="309"/>
	<testcase classname="catalog.tests.test_views.AuthorCreateViewTest" name="test_redirects_to_detail_view_on_success" time="0.317" timestamp="2020-08-17T19:00:04" file="catalog/tests/test_views.py" line="339"/>
	<testcase classname="catalog.tests.test_views.AuthorCreateViewTest" name="test_uses_correct_template" time="0.316" timestamp="2020-08-17T19:00:04" file="catalog/tests/test_views.py" line="323"/>
</testsuite>
